==15376== Memcheck, a memory error detector
==15376== Copyright (C) 2002-2022, and GNU GPL'd, by Julian Seward et al.
==15376== Using Valgrind-3.22.0 and LibVEX; rerun with -h for copyright info
==15376== Command: ./bsq map.txt
==15376== Parent PID: 4700
==15376== 
==15376== Invalid write of size 4
==15376==    at 0x10984D: parse_map (in /home/sgasperi/42_Projects/42_Piscine/exam/exam_rank_05/bsq/bsq)
==15376==    by 0x109914: main (in /home/sgasperi/42_Projects/42_Piscine/exam/exam_rank_05/bsq/bsq)
==15376==  Address 0x0 is not stack'd, malloc'd or (recently) free'd
==15376== 
==15376== 
==15376== Process terminating with default action of signal 11 (SIGSEGV)
==15376==  Access not within mapped region at address 0x0
==15376==    at 0x10984D: parse_map (in /home/sgasperi/42_Projects/42_Piscine/exam/exam_rank_05/bsq/bsq)
==15376==    by 0x109914: main (in /home/sgasperi/42_Projects/42_Piscine/exam/exam_rank_05/bsq/bsq)
==15376==  If you believe this happened as a result of a stack
==15376==  overflow in your program's main thread (unlikely but
==15376==  possible), you can try to increase the size of the
==15376==  main thread stack using the --main-stacksize= flag.
==15376==  The main thread stack size used in this run was 8388608.
==15376== 
==15376== HEAP SUMMARY:
==15376==     in use at exit: 4,752 bytes in 7 blocks
==15376==   total heap usage: 7 allocs, 0 frees, 4,752 bytes allocated
==15376== 
==15376== 8 bytes in 1 blocks are definitely lost in loss record 1 of 7
==15376==    at 0x4846828: malloc (in /usr/libexec/valgrind/vgpreload_memcheck-amd64-linux.so)
==15376==    by 0x1093BD: data_init (in /home/sgasperi/42_Projects/42_Piscine/exam/exam_rank_05/bsq/bsq)
==15376==    by 0x1098C2: main (in /home/sgasperi/42_Projects/42_Piscine/exam/exam_rank_05/bsq/bsq)
==15376== 
==15376== 16 bytes in 1 blocks are definitely lost in loss record 2 of 7
==15376==    at 0x4846828: malloc (in /usr/libexec/valgrind/vgpreload_memcheck-amd64-linux.so)
==15376==    by 0x109364: data_init (in /home/sgasperi/42_Projects/42_Piscine/exam/exam_rank_05/bsq/bsq)
==15376==    by 0x1098C2: main (in /home/sgasperi/42_Projects/42_Piscine/exam/exam_rank_05/bsq/bsq)
==15376== 
==15376== 16 bytes in 1 blocks are definitely lost in loss record 3 of 7
==15376==    at 0x4846828: malloc (in /usr/libexec/valgrind/vgpreload_memcheck-amd64-linux.so)
==15376==    by 0x109427: data_init (in /home/sgasperi/42_Projects/42_Piscine/exam/exam_rank_05/bsq/bsq)
==15376==    by 0x1098C2: main (in /home/sgasperi/42_Projects/42_Piscine/exam/exam_rank_05/bsq/bsq)
==15376== 
==15376== LEAK SUMMARY:
==15376==    definitely lost: 40 bytes in 3 blocks
==15376==    indirectly lost: 0 bytes in 0 blocks
==15376==      possibly lost: 0 bytes in 0 blocks
==15376==    still reachable: 4,712 bytes in 4 blocks
==15376==         suppressed: 0 bytes in 0 blocks
==15376== Reachable blocks (those to which a pointer was found) are not shown.
==15376== To see them, rerun with: --leak-check=full --show-leak-kinds=all
==15376== 
==15376== For lists of detected and suppressed errors, rerun with: -s
==15376== ERROR SUMMARY: 4 errors from 4 contexts (suppressed: 0 from 0)
